{"time":"2026-06-17T14:45:53.034575+07:00","level":"INFO","source":{"function":"main.main","file":"/Users/nunin/Documents/FTGO/P2/Challenges/service_marketplace/app/api/main.go","line":80},"msg":"http server started on :8080"}
{"time":"2026-06-17T14:48:44.771039+07:00","level":"INFO","source":{"function":"main.main.func1","file":"/Users/nunin/Documents/FTGO/P2/Challenges/service_marketplace/app/api/main.go","line":49},"msg":"incoming request","uri":"/users/login","status":200,"latency":152616625,"method":"POST"}
{"time":"2026-06-17T14:48:59.373552+07:00","level":"INFO","source":{"function":"main.main.func1","file":"/Users/nunin/Documents/FTGO/P2/Challenges/service_marketplace/app/api/main.go","line":49},"msg":"incoming request","uri":"/users/login","status":200,"latency":109650375,"method":"POST"}
{"time":"2026-06-17T14:50:31.147887+07:00","level":"INFO","source":{"function":"main.main","file":"/Users/nunin/Documents/FTGO/P2/Challenges/service_marketplace/app/api/main.go","line":80},"msg":"http server started on :8080"}
{"time":"2026-06-17T14:50:44.073039+07:00","level":"ERROR","source":{"function":"github.com/nuninnih/service_marketplace/app/api/controller/user.(*Controller).Register","file":"/Users/nunin/Documents/FTGO/P2/Challenges/service_marketplace/app/api/controller/user/user_controller.go","line":50},"msg":"CTRL REGISTER","Bind":"code=415, message=Unsupported Media Type"}
{"time":"2026-06-17T14:50:44.078673+07:00","level":"INFO","source":{"function":"main.main.func1","file":"/Users/nunin/Documents/FTGO/P2/Challenges/service_marketplace/app/api/main.go","line":49},"msg":"incoming request","uri":"/users/register","status":400,"latency":5633833,"method":"POST"}
{"time":"2026-06-17T14:51:03.060805+07:00","level":"INFO","source":{"function":"main.main","file":"/Users/nunin/Documents/FTGO/P2/Challenges/service_marketplace/app/api/main.go","line":80},"msg":"http server started on :8080"}
{"time":"2026-06-17T14:51:05.83652+07:00","level":"ERROR","source":{"function":"github.com/nuninnih/service_marketplace/app/api/controller/user.(*Controller).Register","file":"/Users/nunin/Documents/FTGO/P2/Challenges/service_marketplace/app/api/controller/user/user_controller.go","line":50},"msg":"CTRL REGISTER","Bind":"code=415, message=Unsupported Media Type"}
{"time":"2026-06-17T14:51:05.837215+07:00","level":"INFO","source":{"function":"main.main.func1","file":"/Users/nunin/Documents/FTGO/P2/Challenges/service_marketplace/app/api/main.go","line":49},"msg":"incoming request","uri":"/users/register","status":400,"latency":792625,"method":"POST"}
{"time":"2026-06-17T14:51:17.998632+07:00","level":"INFO","source":{"function":"main.main.func1","file":"/Users/nunin/Documents/FTGO/P2/Challenges/service_marketplace/app/api/main.go","line":49},"msg":"incoming request","uri":"/users/register","status":201,"latency":132833375,"method":"POST"}
{"time":"2026-06-18T12:52:47.646736+07:00","level":"INFO","source":{"function":"main.main","file":"/Users/nunin/Documents/FTGO/P2/Challenges/service_marketplace/app/api/main.go","line":88},"msg":"http server started on :8080"}
{"time":"2026-06-18T12:53:42.944352+07:00","level":"INFO","source":{"function":"main.main.func1","file":"/Users/nunin/Documents/FTGO/P2/Challenges/service_marketplace/app/api/main.go","line":52},"msg":"incoming request","uri":"/users/jobs","status":404,"latency":260166,"method":"GET"}
{"time":"2026-06-18T12:53:48.882651+07:00","level":"INFO","source":{"function":"main.main.func1","file":"/Users/nunin/Documents/FTGO/P2/Challenges/service_marketplace/app/api/main.go","line":52},"msg":"incoming request","uri":"/jobs","status":500,"latency":43521000,"method":"GET"}
{"time":"2026-06-18T12:54:27.350849+07:00","level":"INFO","source":{"function":"main.main","file":"/Users/nunin/Documents/FTGO/P2/Challenges/service_marketplace/app/api/main.go","line":88},"msg":"http server started on :8080"}
{"time":"2026-06-18T12:54:29.973399+07:00","level":"INFO","source":{"function":"main.main.func1","file":"/Users/nunin/Documents/FTGO/P2/Challenges/service_marketplace/app/api/main.go","line":52},"msg":"incoming request","uri":"/jobs","status":500,"latency":15252083,"method":"GET"}
{"time":"2026-06-18T12:57:26.53361+07:00","level":"INFO","source":{"function":"main.main","file":"/Users/nunin/Documents/FTGO/P2/Challenges/service_marketplace/app/api/main.go","line":88},"msg":"http server started on :8080"}
{"time":"2026-06-18T12:57:29.615999+07:00","level":"INFO","source":{"function":"main.main.func1","file":"/Users/nunin/Documents/FTGO/P2/Challenges/service_marketplace/app/api/main.go","line":52},"msg":"incoming request","uri":"/jobs","status":200,"latency":21291792,"method":"GET"}
{"time":"2026-06-18T12:58:00.36239+07:00","level":"INFO","source":{"function":"main.main","file":"/Users/nunin/Documents/FTGO/P2/Challenges/service_marketplace/app/api/main.go","line":88},"msg":"http server started on :8080"}
{"time":"2026-06-18T12:58:04.771506+07:00","level":"INFO","source":{"function":"main.main.func1","file":"/Users/nunin/Documents/FTGO/P2/Challenges/service_marketplace/app/api/main.go","line":52},"msg":"incoming request","uri":"/jobs","status":200,"latency":14948875,"method":"GET"}
{"time":"2026-06-18T12:58:34.389389+07:00","level":"INFO","source":{"function":"main.main.func1","file":"/Users/nunin/Documents/FTGO/P2/Challenges/service_marketplace/app/api/main.go","line":52},"msg":"incoming request","uri":"/jobs?search=rest","status":200,"latency":1296166,"method":"GET"}
{"time":"2026-06-18T14:37:16.722965+07:00","level":"INFO","source":{"function":"main.main","file":"/Users/nunin/Documents/FTGO/P2/Challenges/service_marketplace/app/api/main.go","line":88},"msg":"http server started on :8080"}
{"time":"2026-06-18T14:38:10.097778+07:00","level":"INFO","source":{"function":"main.main.func1","file":"/Users/nunin/Documents/FTGO/P2/Challenges/service_marketplace/app/api/main.go","line":52},"msg":"incoming request","uri":"/freelancers","status":404,"latency":416,"method":"GET"}
{"time":"2026-06-18T14:38:20.818828+07:00","level":"INFO","source":{"function":"main.main","file":"/Users/nunin/Documents/FTGO/P2/Challenges/service_marketplace/app/api/main.go","line":88},"msg":"http server started on :8080"}
{"time":"2026-06-18T14:38:23.748852+07:00","level":"INFO","source":{"function":"main.main.func1","file":"/Users/nunin/Documents/FTGO/P2/Challenges/service_marketplace/app/api/main.go","line":52},"msg":"incoming request","uri":"/freelancers","status":200,"latency":22749875,"method":"GET"}
{"time":"2026-06-18T14:38:34.84551+07:00","level":"INFO","source":{"function":"main.main.func1","file":"/Users/nunin/Documents/FTGO/P2/Challenges/service_marketplace/app/api/main.go","line":52},"msg":"incoming request","uri":"/freelancers?desc=front","status":200,"latency":1020625,"method":"GET"}
{"time":"2026-06-18T14:38:45.49855+07:00","level":"INFO","source":{"function":"main.main.func1","file":"/Users/nunin/Documents/FTGO/P2/Challenges/service_marketplace/app/api/main.go","line":52},"msg":"incoming request","uri":"/freelancers?desc=back","status":200,"latency":1199083,"method":"GET"}
{"time":"2026-06-18T14:39:10.52703+07:00","level":"INFO","source":{"function":"main.main","file":"/Users/nunin/Documents/FTGO/P2/Challenges/service_marketplace/app/api/main.go","line":88},"msg":"http server started on :8080"}
{"time":"2026-06-18T14:39:14.542953+07:00","level":"INFO","source":{"function":"main.main.func1","file":"/Users/nunin/Documents/FTGO/P2/Challenges/service_marketplace/app/api/main.go","line":52},"msg":"incoming request","uri":"/freelancers?desc=fron","status":200,"latency":9272833,"method":"GET"}
{"time":"2026-06-18T14:39:20.417582+07:00","level":"INFO","source":{"function":"main.main.func1","file":"/Users/nunin/Documents/FTGO/P2/Challenges/service_marketplace/app/api/main.go","line":52},"msg":"incoming request","uri":"/freelancers?desc=","status":200,"latency":752375,"method":"GET"}
{"time":"2026-06-18T14:39:46.124291+07:00","level":"INFO","source":{"function":"main.main.func1","file":"/Users/nunin/Documents/FTGO/P2/Challenges/service_marketplace/app/api/main.go","line":52},"msg":"incoming request","uri":"/freelancers?desc=","status":200,"latency":1401917,"method":"GET"}
{"time":"2026-06-18T14:39:54.691416+07:00","level":"INFO","source":{"function":"main.main.func1","file":"/Users/nunin/Documents/FTGO/P2/Challenges/service_marketplace/app/api/main.go","line":52},"msg":"incoming request","uri":"/jobs?desc=resc","status":200,"latency":12136458,"method":"GET"}
{"time":"2026-06-18T14:39:59.507831+07:00","level":"INFO","source":{"function":"main.main.func1","file":"/Users/nunin/Documents/FTGO/P2/Challenges/service_marketplace/app/api/main.go","line":52},"msg":"incoming request","uri":"/jobs?desc=rest","status":200,"latency":4448000,"method":"GET"}
